<?xml version="1.0" encoding="UTF-8"?>
<!-- Generated by org.testng.reporters.JUnitReportReporter -->
<testsuite skipped="0" hostname="DESKTOP-JVC3DQI" name="com.testcases.BuildPageTest" tests="1" failures="0" timestamp="28 Jun 2018 12:35:36 GMT" time="49.714" errors="0">
  <testcase name="Quotations_Dataset_Table_Design_Swaping_Columns_Test" time="49.714" classname="com.testcases.BuildPageTest"/>
</testsuite> <!-- com.testcases.BuildPageTest -->
