<?xml version="1.0" encoding="UTF-8"?>
<!-- Generated by org.testng.reporters.JUnitReportReporter -->
<testsuite skipped="0" hostname="DESKTOP-JVC3DQI" name="com.testcases.LoginPageTest" tests="2" failures="0" timestamp="18 Apr 2018 05:46:27 GMT" time="32.987" errors="0">
  <testcase name="LoginTest" time="24.051" classname="com.testcases.LoginPageTest"/>
  <testcase name="LoginPage_TitleTest" time="8.936" classname="com.testcases.LoginPageTest"/>
</testsuite> <!-- com.testcases.LoginPageTest -->
