<?xml version="1.0" encoding="UTF-8"?>
<!-- Generated by org.testng.reporters.JUnitReportReporter -->
<testsuite skipped="0" hostname="DESKTOP-JVC3DQI" name="com.testcases.DashBoardPageTest" tests="1" failures="0" timestamp="25 May 2018 07:17:47 GMT" time="25.583" errors="0">
  <testcase name="Verify_DashBoardLink" time="25.583" classname="com.testcases.DashBoardPageTest"/>
</testsuite> <!-- com.testcases.DashBoardPageTest -->
