<?xml version="1.0" encoding="UTF-8"?>
<!-- Generated by org.testng.reporters.JUnitReportReporter -->
<testsuite skipped="0" hostname="DESKTOP-JVC3DQI" name="com.testcases.AnalysePageTest" tests="1" failures="0" timestamp="14 May 2018 10:47:12 GMT" time="23.918" errors="0">
  <testcase name="Verify_Selected_Field_Total_Test" time="23.918" classname="com.testcases.AnalysePageTest"/>
</testsuite> <!-- com.testcases.AnalysePageTest -->
